2014/09/09 05:18:22 [error] [php] Trying to get property of non-object (C:\xampp\htdocs\hs\protected\views\layouts\main.php:8)
Stack trace:
#0 C:\xampp\htdocs\yii\framework\web\widgets\CContentDecorator.php(76): SiteController->renderFile()
#1 C:\xampp\htdocs\yii\framework\web\widgets\CContentDecorator.php(54): CContentDecorator->decorate()
#2 C:\xampp\htdocs\yii\framework\web\widgets\COutputProcessor.php(44): CContentDecorator->processOutput()
#3 C:\xampp\htdocs\yii\framework\web\CBaseController.php(206): CContentDecorator->run()
#4 C:\xampp\htdocs\yii\framework\web\CBaseController.php(300): SiteController->endWidget()
#5 C:\xampp\htdocs\hs\protected\views\layouts\column1.php(6): SiteController->endContent()
#6 C:\xampp\htdocs\yii\framework\web\CBaseController.php(126): require()
#7 C:\xampp\htdocs\yii\framework\web\CBaseController.php(95): SiteController->renderInternal()
#8 C:\xampp\htdocs\yii\framework\web\CController.php(784): SiteController->renderFile()
#9 C:\xampp\htdocs\hs\protected\controllers\SiteController.php(32): SiteController->render()
#10 C:\xampp\htdocs\yii\framework\web\actions\CInlineAction.php(49): SiteController->actionIndex()
#11 C:\xampp\htdocs\yii\framework\web\CController.php(308): CInlineAction->runWithParams()
#12 C:\xampp\htdocs\yii\framework\web\CController.php(286): SiteController->runAction()
#13 C:\xampp\htdocs\yii\framework\web\CController.php(265): SiteController->runActionWithFilters()
#14 C:\xampp\htdocs\yii\framework\web\CWebApplication.php(282): SiteController->run()
#15 C:\xampp\htdocs\yii\framework\web\CWebApplication.php(141): CWebApplication->runController()
#16 C:\xampp\htdocs\yii\framework\base\CApplication.php(180): CWebApplication->processRequest()
#17 C:\xampp\htdocs\hs\index.php(13): CWebApplication->run()
REQUEST_URI=/hs/index.php?r=site/index
in C:\xampp\htdocs\hs\protected\views\layouts\main.php (8)
in C:\xampp\htdocs\hs\protected\views\layouts\column1.php (6)
in C:\xampp\htdocs\hs\protected\controllers\SiteController.php (32)
2014/09/18 00:49:57 [error] [exception.CException] exception 'CException' with message 'Property "State.city" is not defined.' in C:\xampp\htdocs\yii\framework\base\CComponent.php:130
Stack trace:
#0 C:\xampp\htdocs\yii\framework\db\ar\CActiveRecord.php(145): CComponent->__get('city')
#1 C:\xampp\htdocs\hs\protected\controllers\SiteController.php(34): CActiveRecord->__get('city')
#2 C:\xampp\htdocs\yii\framework\web\actions\CInlineAction.php(49): SiteController->actionIndex()
#3 C:\xampp\htdocs\yii\framework\web\CController.php(308): CInlineAction->runWithParams(Array)
#4 C:\xampp\htdocs\yii\framework\web\CController.php(286): CController->runAction(Object(CInlineAction))
#5 C:\xampp\htdocs\yii\framework\web\CController.php(265): CController->runActionWithFilters(Object(CInlineAction), Array)
#6 C:\xampp\htdocs\yii\framework\web\CWebApplication.php(282): CController->run('')
#7 C:\xampp\htdocs\yii\framework\web\CWebApplication.php(141): CWebApplication->runController('')
#8 C:\xampp\htdocs\yii\framework\base\CApplication.php(180): CWebApplication->processRequest()
#9 C:\xampp\htdocs\hs\index.php(13): CApplication->run()
#10 {main}
REQUEST_URI=/hs/
---
2014/09/18 00:50:04 [error] [exception.CException] exception 'CException' with message 'Property "State.city" is not defined.' in C:\xampp\htdocs\yii\framework\base\CComponent.php:130
Stack trace:
#0 C:\xampp\htdocs\yii\framework\db\ar\CActiveRecord.php(145): CComponent->__get('city')
#1 C:\xampp\htdocs\hs\protected\controllers\SiteController.php(34): CActiveRecord->__get('city')
#2 C:\xampp\htdocs\yii\framework\web\actions\CInlineAction.php(49): SiteController->actionIndex()
#3 C:\xampp\htdocs\yii\framework\web\CController.php(308): CInlineAction->runWithParams(Array)
#4 C:\xampp\htdocs\yii\framework\web\CController.php(286): CController->runAction(Object(CInlineAction))
#5 C:\xampp\htdocs\yii\framework\web\CController.php(265): CController->runActionWithFilters(Object(CInlineAction), Array)
#6 C:\xampp\htdocs\yii\framework\web\CWebApplication.php(282): CController->run('')
#7 C:\xampp\htdocs\yii\framework\web\CWebApplication.php(141): CWebApplication->runController('')
#8 C:\xampp\htdocs\yii\framework\base\CApplication.php(180): CWebApplication->processRequest()
#9 C:\xampp\htdocs\hs\index.php(13): CApplication->run()
#10 {main}
REQUEST_URI=/hs/
---
2014/09/18 00:50:11 [error] [exception.CException] exception 'CException' with message 'Property "State.City" is not defined.' in C:\xampp\htdocs\yii\framework\base\CComponent.php:130
Stack trace:
#0 C:\xampp\htdocs\yii\framework\db\ar\CActiveRecord.php(145): CComponent->__get('City')
#1 C:\xampp\htdocs\hs\protected\controllers\SiteController.php(34): CActiveRecord->__get('City')
#2 C:\xampp\htdocs\yii\framework\web\actions\CInlineAction.php(49): SiteController->actionIndex()
#3 C:\xampp\htdocs\yii\framework\web\CController.php(308): CInlineAction->runWithParams(Array)
#4 C:\xampp\htdocs\yii\framework\web\CController.php(286): CController->runAction(Object(CInlineAction))
#5 C:\xampp\htdocs\yii\framework\web\CController.php(265): CController->runActionWithFilters(Object(CInlineAction), Array)
#6 C:\xampp\htdocs\yii\framework\web\CWebApplication.php(282): CController->run('')
#7 C:\xampp\htdocs\yii\framework\web\CWebApplication.php(141): CWebApplication->runController('')
#8 C:\xampp\htdocs\yii\framework\base\CApplication.php(180): CWebApplication->processRequest()
#9 C:\xampp\htdocs\hs\index.php(13): CApplication->run()
#10 {main}
REQUEST_URI=/hs/
---
2014/09/18 00:50:18 [error] [exception.CException] exception 'CException' with message 'Property "State.City" is not defined.' in C:\xampp\htdocs\yii\framework\base\CComponent.php:130
Stack trace:
#0 C:\xampp\htdocs\yii\framework\db\ar\CActiveRecord.php(145): CComponent->__get('City')
#1 C:\xampp\htdocs\hs\protected\controllers\SiteController.php(34): CActiveRecord->__get('City')
#2 C:\xampp\htdocs\yii\framework\web\actions\CInlineAction.php(49): SiteController->actionIndex()
#3 C:\xampp\htdocs\yii\framework\web\CController.php(308): CInlineAction->runWithParams(Array)
#4 C:\xampp\htdocs\yii\framework\web\CController.php(286): CController->runAction(Object(CInlineAction))
#5 C:\xampp\htdocs\yii\framework\web\CController.php(265): CController->runActionWithFilters(Object(CInlineAction), Array)
#6 C:\xampp\htdocs\yii\framework\web\CWebApplication.php(282): CController->run('')
#7 C:\xampp\htdocs\yii\framework\web\CWebApplication.php(141): CWebApplication->runController('')
#8 C:\xampp\htdocs\yii\framework\base\CApplication.php(180): CWebApplication->processRequest()
#9 C:\xampp\htdocs\hs\index.php(13): CApplication->run()
#10 {main}
REQUEST_URI=/hs/
---
2014/09/18 00:50:44 [error] [php] Trying to get property of non-object (C:\xampp\htdocs\hs\protected\controllers\SiteController.php:34)
Stack trace:
#0 C:\xampp\htdocs\yii\framework\web\CController.php(286): SiteController->runAction()
#1 C:\xampp\htdocs\yii\framework\web\CController.php(265): SiteController->runActionWithFilters()
#2 C:\xampp\htdocs\yii\framework\web\CWebApplication.php(282): SiteController->run()
#3 C:\xampp\htdocs\yii\framework\web\CWebApplication.php(141): CWebApplication->runController()
#4 C:\xampp\htdocs\yii\framework\base\CApplication.php(180): CWebApplication->processRequest()
#5 C:\xampp\htdocs\hs\index.php(13): CWebApplication->run()
REQUEST_URI=/hs/
in C:\xampp\htdocs\hs\protected\controllers\SiteController.php (34)
in C:\xampp\htdocs\hs\index.php (13)
2014/09/18 00:50:49 [error] [exception.CException] exception 'CException' with message 'Property "State.City" is not defined.' in C:\xampp\htdocs\yii\framework\base\CComponent.php:130
Stack trace:
#0 C:\xampp\htdocs\yii\framework\db\ar\CActiveRecord.php(145): CComponent->__get('City')
#1 C:\xampp\htdocs\hs\protected\controllers\SiteController.php(34): CActiveRecord->__get('City')
#2 C:\xampp\htdocs\yii\framework\web\actions\CInlineAction.php(49): SiteController->actionIndex()
#3 C:\xampp\htdocs\yii\framework\web\CController.php(308): CInlineAction->runWithParams(Array)
#4 C:\xampp\htdocs\yii\framework\web\CController.php(286): CController->runAction(Object(CInlineAction))
#5 C:\xampp\htdocs\yii\framework\web\CController.php(265): CController->runActionWithFilters(Object(CInlineAction), Array)
#6 C:\xampp\htdocs\yii\framework\web\CWebApplication.php(282): CController->run('')
#7 C:\xampp\htdocs\yii\framework\web\CWebApplication.php(141): CWebApplication->runController('')
#8 C:\xampp\htdocs\yii\framework\base\CApplication.php(180): CWebApplication->processRequest()
#9 C:\xampp\htdocs\hs\index.php(13): CApplication->run()
#10 {main}
REQUEST_URI=/hs/
---
2014/09/18 00:55:01 [error] [php] Trying to get property of non-object (C:\xampp\htdocs\hs\protected\controllers\SiteController.php:34)
Stack trace:
#0 C:\xampp\htdocs\yii\framework\web\CController.php(286): SiteController->runAction()
#1 C:\xampp\htdocs\yii\framework\web\CController.php(265): SiteController->runActionWithFilters()
#2 C:\xampp\htdocs\yii\framework\web\CWebApplication.php(282): SiteController->run()
#3 C:\xampp\htdocs\yii\framework\web\CWebApplication.php(141): CWebApplication->runController()
#4 C:\xampp\htdocs\yii\framework\base\CApplication.php(180): CWebApplication->processRequest()
#5 C:\xampp\htdocs\hs\index.php(13): CWebApplication->run()
REQUEST_URI=/hs/
in C:\xampp\htdocs\hs\protected\controllers\SiteController.php (34)
in C:\xampp\htdocs\hs\index.php (13)
2014/09/18 00:55:39 [error] [php] Trying to get property of non-object (C:\xampp\htdocs\hs\protected\controllers\SiteController.php:34)
Stack trace:
#0 C:\xampp\htdocs\yii\framework\web\CController.php(286): SiteController->runAction()
#1 C:\xampp\htdocs\yii\framework\web\CController.php(265): SiteController->runActionWithFilters()
#2 C:\xampp\htdocs\yii\framework\web\CWebApplication.php(282): SiteController->run()
#3 C:\xampp\htdocs\yii\framework\web\CWebApplication.php(141): CWebApplication->runController()
#4 C:\xampp\htdocs\yii\framework\base\CApplication.php(180): CWebApplication->processRequest()
#5 C:\xampp\htdocs\hs\index.php(13): CWebApplication->run()
REQUEST_URI=/hs/
in C:\xampp\htdocs\hs\protected\controllers\SiteController.php (34)
in C:\xampp\htdocs\hs\index.php (13)
